[debug] > Exec(early(addDefaultCommands), None, None)
[debug] > Exec(addDefaultCommands, None, None)
[debug] > Exec(early(initialize), None, None)
[debug] > Exec(initialize, None, None)
[debug] > Exec(boot, None, None)
[debug] > Exec(writeSbtVersion, None, None)
[debug] > Exec(reload, None, None)
[debug] > Exec(sbtStashOnFailure, None, None)
[debug] > Exec(onFailure loadFailed, None, None)
[debug] > Exec(loadp, None, None)
[info] welcome to sbt 1.10.0 (Eclipse Adoptium Java 17.0.4.1)
[debug] Load.defaultLoad until apply took 122.671ms
[debug]           Load.loadUnit: plugins took 96.354ms
[debug]           Load.loadUnit: defsScala took 0.3018ms
[debug] [Loading] Scanning directory C:\Users\Mircea\Downloads\ExamFP2024\project
[debug] [Loading] Found non-root projects 
[debug] [Loading] Done in C:\Users\Mircea\Downloads\ExamFP2024\project, returning: ()
[debug] deducing auto plugins based on known facts Set(Atom(sbt.plugins.CorePlugin)) and clauses Clauses(Clause(Atom(sbt.plugins.JvmPlugin),Set(Atom(sbt.plugins.IvyPlugin)))
[debug] Clause(Atom(sbt.ScriptedPlugin),Set(Atom(sbt.plugins.JvmPlugin)))
[debug] Clause(Atom(sbt.plugins.SbtPlugin),Set(Atom(sbt.ScriptedPlugin)))
[debug] Clause(Atom(sbt.plugins.SemanticdbPlugin),Set(Atom(sbt.plugins.JvmPlugin)))
[debug] Clause(Atom(sbt.plugins.JUnitXmlReportPlugin),Set(Atom(sbt.plugins.JvmPlugin)))
[debug] Clause(Atom(sbt.plugins.MiniDependencyTreePlugin),Set(Atom(sbt.plugins.JvmPlugin)))
[debug] Clause(Atom(sbt.plugins.CorePlugin),Set(Atom(sbt.plugins.IvyPlugin)))
[debug] Clause(Atom(sbt.plugins.IvyPlugin),Set(Atom(sbt.plugins.JvmPlugin)))
[debug] Clause(Atom(sbt.plugins.JvmPlugin),Set(Atom(sbt.plugins.SemanticdbPlugin)))
[debug] Clause(Atom(sbt.plugins.JvmPlugin),Set(Atom(sbt.plugins.JUnitXmlReportPlugin)))
[debug] Clause(Atom(sbt.plugins.CorePlugin),Set(Atom(sbt.plugins.Giter8TemplatePlugin)))
[debug] Clause(Atom(sbt.plugins.JvmPlugin),Set(Atom(sbt.plugins.MiniDependencyTreePlugin))))
[debug]   :: deduced result: Matched(sbt.plugins.CorePlugin,sbt.plugins.Giter8TemplatePlugin,sbt.plugins.IvyPlugin,sbt.plugins.JvmPlugin,sbt.plugins.MiniDependencyTreePlugin,sbt.plugins.JUnitXmlReportPlugin,sbt.plugins.SemanticdbPlugin)
[debug] Plugins.deducer#function took 17.1647 ms
[debug]               Load.resolveProject(examfp2024-build) took 50.9734ms
[debug]             Load.loadTransitive: finalizeProject(Project(id examfp2024-build, base: C:\Users\Mircea\Downloads\ExamFP2024\project, plugins: List(<none>))) took 87.2581ms
[debug] [Loading] Done in C:\Users\Mircea\Downloads\ExamFP2024\project, returning: (examfp2024-build)
[debug]           Load.loadUnit: loadedProjectsRaw took 112.7059ms
[debug]           Load.loadUnit: cleanEvalClasses took 0.1993ms
[debug]         Load.loadUnit(file:/C:/Users/Mircea/Downloads/ExamFP2024/project/, ...) took 215.8328ms
[debug]       Load.apply: load took 420.9453ms
[debug]       Load.apply: resolveProjects took 7.3089ms
[debug]       Load.apply: finalTransforms took 61.0343ms
[debug]       Load.apply: config.delegates took 7.867ms
[debug]       Load.apply: Def.make(settings)... took 424.6853ms
[debug]       Load.apply: structureIndex took 95.1169ms
[debug]       Load.apply: mkStreams took 1.1673ms
[info] loading project definition from C:\Users\Mircea\Downloads\ExamFP2024\project
[debug] Running task... Cancel: Signal, check cycles: false, forcegc: true
[debug]     Load.loadUnit: plugins took 3172.9007ms
[debug]     Load.loadUnit: defsScala took 0.0036ms
[debug] [Loading] Scanning directory C:\Users\Mircea\Downloads\ExamFP2024
[debug]       Load.loadUnit: mkEval took 4.6969ms
[debug] [Loading] Found root project root w/ remaining 
[debug] deducing auto plugins based on known facts Set(Atom(sbt.plugins.CorePlugin)) and clauses Clauses(Clause(Atom(sbt.plugins.JvmPlugin),Set(Atom(sbt.plugins.IvyPlugin)))
[debug] Clause(Atom(sbt.ScriptedPlugin),Set(Atom(sbt.plugins.JvmPlugin)))
[debug] Clause(Atom(sbt.plugins.SbtPlugin),Set(Atom(sbt.ScriptedPlugin)))
[debug] Clause(Atom(sbt.plugins.SemanticdbPlugin),Set(Atom(sbt.plugins.JvmPlugin)))
[debug] Clause(Atom(sbt.plugins.JUnitXmlReportPlugin),Set(Atom(sbt.plugins.JvmPlugin)))
[debug] Clause(Atom(sbt.plugins.MiniDependencyTreePlugin),Set(Atom(sbt.plugins.JvmPlugin)))
[debug] Clause(Atom(sbt.plugins.CorePlugin),Set(Atom(sbt.plugins.IvyPlugin)))
[debug] Clause(Atom(sbt.plugins.IvyPlugin),Set(Atom(sbt.plugins.JvmPlugin)))
[debug] Clause(Atom(sbt.plugins.JvmPlugin),Set(Atom(sbt.plugins.SemanticdbPlugin)))
[debug] Clause(Atom(sbt.plugins.JvmPlugin),Set(Atom(sbt.plugins.JUnitXmlReportPlugin)))
[debug] Clause(Atom(sbt.plugins.CorePlugin),Set(Atom(sbt.plugins.Giter8TemplatePlugin)))
[debug] Clause(Atom(sbt.plugins.JvmPlugin),Set(Atom(sbt.plugins.MiniDependencyTreePlugin))))
[debug]   :: deduced result: Matched(sbt.plugins.CorePlugin,sbt.plugins.Giter8TemplatePlugin,sbt.plugins.IvyPlugin,sbt.plugins.JvmPlugin,sbt.plugins.MiniDependencyTreePlugin,sbt.plugins.JUnitXmlReportPlugin,sbt.plugins.SemanticdbPlugin)
[debug] Plugins.deducer#function took 1.4651 ms
[info] loading settings for project root from build.sbt ...
[debug]         Load.resolveProject(root) took 2.5773ms
[debug]       Load.loadTransitive: finalizeProject(Project(id root, base: C:\Users\Mircea\Downloads\ExamFP2024, plugins: List(<none>))) took 4.8653ms
[debug] [Loading] Done in C:\Users\Mircea\Downloads\ExamFP2024, returning: (root)
[debug]     Load.loadUnit: loadedProjectsRaw took 2551.7619ms
[debug]     Load.loadUnit: cleanEvalClasses took 18.502ms
[debug]   Load.loadUnit(file:/C:/Users/Mircea/Downloads/ExamFP2024/, ...) took 5744.6895ms
[debug] Load.apply: load took 5763.6732ms
[debug] Load.apply: resolveProjects took 0.1152ms
[debug] Load.apply: finalTransforms took 14.212ms
[debug] Load.apply: config.delegates took 0.4663ms
[debug] Load.apply: Def.make(settings)... took 87.0424ms
[debug] Load.apply: structureIndex took 31.2795ms
[debug] Load.apply: mkStreams took 0.0021ms
[info] set current project to ExamFP2024 (in build file:/C:/Users/Mircea/Downloads/ExamFP2024/)
[debug] > Exec(sbtPopOnFailure, None, None)
[debug] > Exec(resumeFromFailure, None, None)
[debug] > Exec(notifyUsersAboutShell, None, None)
[debug] > Exec(iflast shell, None, None)
[debug] > Exec(shell, None, None)
[info] 
[info] Here are some highlights of sbt 1.10.0:
[info]   - SIP-51 support for Scala 2.13 evolution
[info]   - Various Zinc fixes
[info]   - ConsistentAnalysisFormat: new Zinc Analysis serialization
[info]   - CommandProgress API
[info] See https://eed3si9n.com/sbt-1.10.0 for full release notes.
[info] Hide the banner for this release by running `skipBanner`.
[info] sbt server started at local:sbt-server-507893f0bd32f70f468c
[debug] Writing bsp connection file
[info] started sbt server
