[debug] > Exec(early(addDefaultCommands), None, None)
[debug] > Exec(addDefaultCommands, None, None)
[debug] > Exec(early(initialize), None, None)
[debug] > Exec(initialize, None, None)
[debug] > Exec(early(addPluginSbtFile="""C:\Users\Mircea\AppData\Local\Temp\idea.sbt"""), None, None)
[debug] > Exec(addPluginSbtFile="""C:\Users\Mircea\AppData\Local\Temp\idea.sbt""", None, None)
[debug] > Exec(boot, None, None)
[debug] > Exec(writeSbtVersion, None, None)
[debug] > Exec(reload, None, None)
[debug] > Exec(sbtStashOnFailure, None, None)
[debug] > Exec(onFailure loadFailed, None, None)
[debug] > Exec(loadp, None, None)
[info] welcome to sbt 1.6.2 (Amazon.com Inc. Java 21.0.3)
[debug] Load.defaultLoad until apply took 409.109ms
[debug]           Load.loadUnit: plugins took 98.8392ms
[debug]           Load.loadUnit: defsScala took 0.4289ms
[debug] [Loading] Scanning directory C:\Users\Mircea\Downloads\Examen-PP\project
[debug]             Load.loadUnit: mkEval took 6.0949ms
[error] java.lang.NoClassDefFoundError: Could not initialize class sbt.internal.parser.SbtParser$
[error] 	at sbt.internal.parser.SbtParser.splitExpressions(SbtParser.scala:247)
[error] 	at sbt.internal.parser.SbtParser.<init>(SbtParser.scala:236)
[error] 	at sbt.internal.EvaluateConfigurations$.splitExpressions(EvaluateConfigurations.scala:289)
[error] 	at sbt.internal.EvaluateConfigurations$.parseConfiguration(EvaluateConfigurations.scala:98)
[error] 	at sbt.internal.EvaluateConfigurations$.evaluateSbtFile(EvaluateConfigurations.scala:147)
[error] 	at sbt.internal.Load$.loadSettingsFile$1(Load.scala:1120)
[error] 	at sbt.internal.Load$.$anonfun$discoverProjects$2(Load.scala:1130)
[error] 	at scala.collection.MapLike.getOrElse(MapLike.scala:131)
[error] 	at scala.collection.MapLike.getOrElse$(MapLike.scala:129)
[error] 	at scala.collection.AbstractMap.getOrElse(Map.scala:65)
[error] 	at sbt.internal.Load$.memoLoadSettingsFile$1(Load.scala:1129)
[error] 	at sbt.internal.Load$.$anonfun$discoverProjects$4(Load.scala:1137)
[error] 	at scala.collection.immutable.List.map(List.scala:293)
[error] 	at sbt.internal.Load$.loadFiles$1(Load.scala:1137)
[error] 	at sbt.internal.Load$.discoverProjects(Load.scala:1151)
[error] 	at sbt.internal.Load$.discover$1(Load.scala:903)
[error] 	at sbt.internal.Load$.loadTransitive(Load.scala:957)
[error] 	at sbt.internal.Load$.loadProjects$1(Load.scala:740)
[error] 	at sbt.internal.Load$.$anonfun$loadUnit$12(Load.scala:743)
[error] 	at sbt.internal.Load$.timed(Load.scala:1408)
[error] 	at sbt.internal.Load$.$anonfun$loadUnit$1(Load.scala:743)
[error] 	at sbt.internal.Load$.timed(Load.scala:1408)
[error] 	at sbt.internal.Load$.loadUnit(Load.scala:696)
[error] 	at sbt.internal.Load$.$anonfun$builtinLoader$4(Load.scala:494)
[error] 	at sbt.internal.BuildLoader$.$anonfun$componentLoader$5(BuildLoader.scala:180)
[error] 	at sbt.internal.BuildLoader.apply(BuildLoader.scala:245)
[error] 	at sbt.internal.Load$.loadURI$1(Load.scala:556)
[error] 	at sbt.internal.Load$.loadAll(Load.scala:572)
[error] 	at sbt.internal.Load$.loadURI(Load.scala:502)
[error] 	at sbt.internal.Load$.load(Load.scala:481)
[error] 	at sbt.internal.Load$.$anonfun$apply$1(Load.scala:243)
[error] 	at sbt.internal.Load$.timed(Load.scala:1408)
[error] 	at sbt.internal.Load$.apply(Load.scala:243)
[error] 	at sbt.internal.Load$.buildPluginDefinition(Load.scala:1325)
[error] 	at sbt.internal.Load$.buildPlugins(Load.scala:1255)
[error] 	at sbt.internal.Load$.plugins(Load.scala:1234)
[error] 	at sbt.internal.Load$.$anonfun$loadUnit$2(Load.scala:702)
[error] 	at sbt.internal.Load$.timed(Load.scala:1408)
[error] 	at sbt.internal.Load$.$anonfun$loadUnit$1(Load.scala:702)
[error] 	at sbt.internal.Load$.timed(Load.scala:1408)
[error] 	at sbt.internal.Load$.loadUnit(Load.scala:696)
[error] 	at sbt.internal.Load$.$anonfun$builtinLoader$4(Load.scala:494)
[error] 	at sbt.internal.BuildLoader$.$anonfun$componentLoader$5(BuildLoader.scala:180)
[error] 	at sbt.internal.BuildLoader.apply(BuildLoader.scala:245)
[error] 	at sbt.internal.Load$.loadURI$1(Load.scala:556)
[error] 	at sbt.internal.Load$.loadAll(Load.scala:572)
[error] 	at sbt.internal.Load$.loadURI(Load.scala:502)
[error] 	at sbt.internal.Load$.load(Load.scala:481)
[error] 	at sbt.internal.Load$.$anonfun$apply$1(Load.scala:243)
[error] 	at sbt.internal.Load$.timed(Load.scala:1408)
[error] 	at sbt.internal.Load$.apply(Load.scala:243)
[error] 	at sbt.internal.Load$.defaultLoad(Load.scala:56)
[error] 	at sbt.BuiltinCommands$.liftedTree1$1(Main.scala:953)
[error] 	at sbt.BuiltinCommands$.doLoadProject(Main.scala:953)
[error] 	at sbt.BuiltinCommands$.$anonfun$loadProjectImpl$2(Main.scala:906)
[error] 	at sbt.Command$.$anonfun$applyEffect$4(Command.scala:150)
[error] 	at sbt.Command$.$anonfun$applyEffect$2(Command.scala:145)
[error] 	at sbt.Command$.process(Command.scala:189)
[error] 	at sbt.MainLoop$.$anonfun$processCommand$5(MainLoop.scala:245)
[error] 	at scala.Option.getOrElse(Option.scala:189)
[error] 	at sbt.MainLoop$.process$1(MainLoop.scala:245)
[error] 	at sbt.MainLoop$.processCommand(MainLoop.scala:278)
[error] 	at sbt.MainLoop$.$anonfun$next$5(MainLoop.scala:163)
[error] 	at sbt.State$StateOpsImpl$.runCmd$1(State.scala:289)
[error] 	at sbt.State$StateOpsImpl$.process$extension(State.scala:325)
[error] 	at sbt.MainLoop$.$anonfun$next$4(MainLoop.scala:163)
[error] 	at sbt.internal.util.ErrorHandling$.wideConvert(ErrorHandling.scala:23)
[error] 	at sbt.MainLoop$.next(MainLoop.scala:163)
[error] 	at sbt.MainLoop$.run(MainLoop.scala:144)
[error] 	at sbt.MainLoop$.$anonfun$runWithNewLog$1(MainLoop.scala:119)
[error] 	at sbt.io.Using.apply(Using.scala:27)
[error] 	at sbt.MainLoop$.runWithNewLog(MainLoop.scala:112)
[error] 	at sbt.MainLoop$.runAndClearLast(MainLoop.scala:66)
[error] 	at sbt.MainLoop$.runLoggedLoop(MainLoop.scala:51)
[error] 	at sbt.MainLoop$.runLogged(MainLoop.scala:42)
[error] 	at sbt.StandardMain$.runManaged(Main.scala:215)
[error] 	at sbt.xMain$.$anonfun$run$11(Main.scala:133)
[error] 	at scala.util.DynamicVariable.withValue(DynamicVariable.scala:62)
[error] 	at scala.Console$.withIn(Console.scala:230)
[error] 	at sbt.internal.util.Terminal$.withIn(Terminal.scala:569)
[error] 	at sbt.internal.util.Terminal$.$anonfun$withStreams$1(Terminal.scala:350)
[error] 	at scala.util.DynamicVariable.withValue(DynamicVariable.scala:62)
[error] 	at scala.Console$.withOut(Console.scala:167)
[error] 	at sbt.internal.util.Terminal$.$anonfun$withOut$2(Terminal.scala:559)
[error] 	at scala.util.DynamicVariable.withValue(DynamicVariable.scala:62)
[error] 	at scala.Console$.withErr(Console.scala:196)
[error] 	at sbt.internal.util.Terminal$.withOut(Terminal.scala:559)
[error] 	at sbt.internal.util.Terminal$.withStreams(Terminal.scala:350)
[error] 	at sbt.xMain$.withStreams$1(Main.scala:87)
[error] 	at sbt.xMain$.run(Main.scala:121)
[error] 	at java.base/jdk.internal.reflect.DirectMethodHandleAccessor.invoke(DirectMethodHandleAccessor.java:103)
[error] 	at java.base/java.lang.reflect.Method.invoke(Method.java:580)
[error] 	at sbt.internal.XMainConfiguration.run(XMainConfiguration.java:57)
[error] 	at sbt.xMain.run(Main.scala:46)
[error] 	at xsbt.boot.Launch$.$anonfun$run$1(Launch.scala:149)
[error] 	at xsbt.boot.Launch$.withContextLoader(Launch.scala:176)
[error] 	at xsbt.boot.Launch$.run(Launch.scala:149)
[error] 	at xsbt.boot.Launch$.$anonfun$apply$1(Launch.scala:44)
[error] 	at xsbt.boot.Launch$.launch(Launch.scala:159)
[error] 	at xsbt.boot.Launch$.apply(Launch.scala:44)
[error] 	at xsbt.boot.Launch$.apply(Launch.scala:21)
[error] 	at xsbt.boot.Boot$.runImpl(Boot.scala:78)
[error] 	at xsbt.boot.Boot$.run(Boot.scala:73)
[error] 	at xsbt.boot.Boot$.main(Boot.scala:21)
[error] 	at xsbt.boot.Boot.main(Boot.scala)
[error] Caused by: java.lang.ExceptionInInitializerError: Exception scala.reflect.internal.FatalError: 
[error]   bad constant pool index: 0 at pos: 48461
[error]      while compiling: <no file>
[error]         during phase: globalPhase=<no phase>, enteringPhase=<some phase>
[error]      library version: version 2.12.15
[error]     compiler version: version 2.12.15
[error]   reconstructed args: -classpath C:\Users\Mircea\.sbt\boot\scala-2.12.15\lib\scala-library.jar -Yrangepos
[error] 
[error]   last tree to typer: EmptyTree
[error]        tree position: <unknown>
[error]             tree tpe: <notype>
[error]               symbol: null
[error]            call site: <none> in <none>
[error] 
[error] == Source file context for tree position ==
[error] 
[error]  [in thread "sbt-parser-init-thread"]
[error] 	at scala.reflect.internal.Reporting.abort(Reporting.scala:69)
[error] 	at scala.reflect.internal.Reporting.abort$(Reporting.scala:65)
[error] 	at scala.reflect.internal.SymbolTable.abort(SymbolTable.scala:28)
[error] 	at scala.tools.nsc.symtab.classfile.ClassfileParser$ConstantPool.errorBadIndex(ClassfileParser.scala:386)
[error] 	at scala.tools.nsc.symtab.classfile.ClassfileParser$ConstantPool.getExternalName(ClassfileParser.scala:250)
[error] 	at scala.tools.nsc.symtab.classfile.ClassfileParser.readParamNames$1(ClassfileParser.scala:841)
[error] 	at scala.tools.nsc.symtab.classfile.ClassfileParser.parseAttribute$1(ClassfileParser.scala:847)
[error] 	at scala.tools.nsc.symtab.classfile.ClassfileParser.$anonfun$parseAttributes$7(ClassfileParser.scala:921)
[error] 	at scala.tools.nsc.symtab.classfile.ClassfileParser.parseAttributes(ClassfileParser.scala:921)
[error] 	at scala.tools.nsc.symtab.classfile.ClassfileParser.parseMethod(ClassfileParser.scala:623)
[error] 	at scala.tools.nsc.symtab.classfile.ClassfileParser.$anonfun$parseClass$4(ClassfileParser.scala:536)
[error] 	at scala.tools.nsc.symtab.classfile.ClassfileParser.parseClass(ClassfileParser.scala:536)
[error] 	at scala.tools.nsc.symtab.classfile.ClassfileParser.$anonfun$parse$2(ClassfileParser.scala:161)
[error] 	at scala.tools.nsc.symtab.classfile.ClassfileParser.$anonfun$parse$1(ClassfileParser.scala:147)
[error] 	at scala.tools.nsc.symtab.classfile.ClassfileParser.parse(ClassfileParser.scala:130)
[error] 	at scala.tools.nsc.symtab.SymbolLoaders$ClassfileLoader.doComplete(SymbolLoaders.scala:343)
[error] 	at scala.tools.nsc.symtab.SymbolLoaders$SymbolLoader.complete(SymbolLoaders.scala:250)
[error] 	at scala.reflect.internal.Symbols$Symbol.completeInfo(Symbols.scala:1542)
[error] 	at scala.reflect.internal.Symbols$Symbol.info(Symbols.scala:1514)
[error] 	at scala.reflect.internal.Definitions.scala$reflect$internal$Definitions$$enterNewMethod(Definitions.scala:49)
[error] 	at scala.reflect.internal.Definitions$DefinitionsClass.String_$plus$lzycompute(Definitions.scala:1134)
[error] 	at scala.reflect.internal.Definitions$DefinitionsClass.String_$plus(Definitions.scala:1134)
[error] 	at scala.reflect.internal.Definitions$DefinitionsClass.syntheticCoreMethods$lzycompute(Definitions.scala:1438)
[error] 	at scala.reflect.internal.Definitions$DefinitionsClass.syntheticCoreMethods(Definitions.scala:1420)
[error] 	at scala.reflect.internal.Definitions$DefinitionsClass.symbolsNotPresentInBytecode$lzycompute(Definitions.scala:1450)
[error] 	at scala.reflect.internal.Definitions$DefinitionsClass.symbolsNotPresentInBytecode(Definitions.scala:1450)
[error] 	at scala.reflect.internal.Definitions$DefinitionsClass.init(Definitions.scala:1506)
[error] 	at scala.tools.nsc.Global$Run.<init>(Global.scala:1213)
[error] 	at sbt.internal.parser.SbtParser$.<init>(SbtParser.scala:141)
[error] 	at sbt.internal.parser.SbtParser$.<clinit>(SbtParser.scala)
[error] 	at sbt.internal.parser.SbtParserInit$$anon$2.run(SbtParser.scala:191)
[error] java.lang.NoClassDefFoundError: Could not initialize class sbt.internal.parser.SbtParser$
[error] Use 'last' for the full log.
[debug] > Exec(loadFailed, None, None)
[warn] Project loading failed: (r)etry, (q)uit, (l)ast, or (i)gnore? (default: r)
